0 info it worked if it ends with ok
1 verbose cli [ 'D:\\Program Files\\nodejs\\node.exe',
1 verbose cli   'C:\\Users\\dixue_000\\AppData\\Roaming\\npm\\node_modules\\npm\\bin\\npm-cli.js',
1 verbose cli   'install',
1 verbose cli   'hexo-generaor-feed',
1 verbose cli   '--save' ]
2 info using npm@3.8.5
3 info using node@v4.3.1
4 silly loadCurrentTree Starting
5 silly install loadCurrentTree
6 silly install readLocalPackageData
7 silly fetchPackageMetaData hexo-generaor-feed
8 silly fetchNamedPackageData hexo-generaor-feed
9 silly mapToRegistry name hexo-generaor-feed
10 silly mapToRegistry using default registry
11 silly mapToRegistry registry https://registry.npmjs.org/
12 silly mapToRegistry data Result {
12 silly mapToRegistry   raw: 'hexo-generaor-feed',
12 silly mapToRegistry   scope: null,
12 silly mapToRegistry   name: 'hexo-generaor-feed',
12 silly mapToRegistry   rawSpec: '',
12 silly mapToRegistry   spec: 'latest',
12 silly mapToRegistry   type: 'tag' }
13 silly mapToRegistry uri https://registry.npmjs.org/hexo-generaor-feed
14 verbose request uri https://registry.npmjs.org/hexo-generaor-feed
15 verbose request no auth needed
16 info attempt registry request try #1 at 17:08:05
17 verbose request id c9ad949d25686e04
18 http request GET https://registry.npmjs.org/hexo-generaor-feed
19 info retry will retry, error on last attempt: Error: connect ETIMEDOUT 185.31.17.162:443
20 info attempt registry request try #2 at 17:08:36
21 http request GET https://registry.npmjs.org/hexo-generaor-feed
22 http 404 https://registry.npmjs.org/hexo-generaor-feed
23 verbose headers { 'content-type': 'application/json',
23 verbose headers   'cache-control': 'max-age=0',
23 verbose headers   'content-length': '2',
23 verbose headers   'accept-ranges': 'bytes',
23 verbose headers   date: 'Thu, 23 Jun 2016 09:08:36 GMT',
23 verbose headers   via: '1.1 varnish',
23 verbose headers   age: '0',
23 verbose headers   connection: 'keep-alive',
23 verbose headers   'x-served-by': 'cache-fra1231-FRA',
23 verbose headers   'x-cache': 'MISS',
23 verbose headers   'x-cache-hits': '0',
23 verbose headers   'x-timer': 'S1466672916.704206,VS0,VE111',
23 verbose headers   vary: 'Accept-Encoding' }
24 silly get cb [ 404,
24 silly get   { 'content-type': 'application/json',
24 silly get     'cache-control': 'max-age=0',
24 silly get     'content-length': '2',
24 silly get     'accept-ranges': 'bytes',
24 silly get     date: 'Thu, 23 Jun 2016 09:08:36 GMT',
24 silly get     via: '1.1 varnish',
24 silly get     age: '0',
24 silly get     connection: 'keep-alive',
24 silly get     'x-served-by': 'cache-fra1231-FRA',
24 silly get     'x-cache': 'MISS',
24 silly get     'x-cache-hits': '0',
24 silly get     'x-timer': 'S1466672916.704206,VS0,VE111',
24 silly get     vary: 'Accept-Encoding' } ]
25 silly fetchPackageMetaData Error: Registry returned 404 for GET on https://registry.npmjs.org/hexo-generaor-feed
25 silly fetchPackageMetaData     at makeError (C:\Users\dixue_000\AppData\Roaming\npm\node_modules\npm\node_modules\npm-registry-client\lib\request.js:264:12)
25 silly fetchPackageMetaData     at CachingRegistryClient.<anonymous> (C:\Users\dixue_000\AppData\Roaming\npm\node_modules\npm\node_modules\npm-registry-client\lib\request.js:242:14)
25 silly fetchPackageMetaData     at Request._callback (C:\Users\dixue_000\AppData\Roaming\npm\node_modules\npm\node_modules\npm-registry-client\lib\request.js:172:14)
25 silly fetchPackageMetaData     at Request.self.callback (C:\Users\dixue_000\AppData\Roaming\npm\node_modules\npm\node_modules\request\request.js:199:22)
25 silly fetchPackageMetaData     at emitTwo (events.js:87:13)
25 silly fetchPackageMetaData     at Request.emit (events.js:172:7)
25 silly fetchPackageMetaData     at Request.<anonymous> (C:\Users\dixue_000\AppData\Roaming\npm\node_modules\npm\node_modules\request\request.js:1036:10)
25 silly fetchPackageMetaData     at emitOne (events.js:82:20)
25 silly fetchPackageMetaData     at Request.emit (events.js:169:7)
25 silly fetchPackageMetaData     at IncomingMessage.<anonymous> (C:\Users\dixue_000\AppData\Roaming\npm\node_modules\npm\node_modules\request\request.js:963:12)
25 silly fetchPackageMetaData  error for hexo-generaor-feed { [Error: Registry returned 404 for GET on https://registry.npmjs.org/hexo-generaor-feed] pkgid: 'hexo-generaor-feed', statusCode: 404, code: 'E404' }
26 silly rollbackFailedOptional Starting
27 silly rollbackFailedOptional Finishing
28 silly runTopLevelLifecycles Starting
29 silly runTopLevelLifecycles Finishing
30 silly install printInstalled
31 verbose stack Error: Registry returned 404 for GET on https://registry.npmjs.org/hexo-generaor-feed
31 verbose stack     at makeError (C:\Users\dixue_000\AppData\Roaming\npm\node_modules\npm\node_modules\npm-registry-client\lib\request.js:264:12)
31 verbose stack     at CachingRegistryClient.<anonymous> (C:\Users\dixue_000\AppData\Roaming\npm\node_modules\npm\node_modules\npm-registry-client\lib\request.js:242:14)
31 verbose stack     at Request._callback (C:\Users\dixue_000\AppData\Roaming\npm\node_modules\npm\node_modules\npm-registry-client\lib\request.js:172:14)
31 verbose stack     at Request.self.callback (C:\Users\dixue_000\AppData\Roaming\npm\node_modules\npm\node_modules\request\request.js:199:22)
31 verbose stack     at emitTwo (events.js:87:13)
31 verbose stack     at Request.emit (events.js:172:7)
31 verbose stack     at Request.<anonymous> (C:\Users\dixue_000\AppData\Roaming\npm\node_modules\npm\node_modules\request\request.js:1036:10)
31 verbose stack     at emitOne (events.js:82:20)
31 verbose stack     at Request.emit (events.js:169:7)
31 verbose stack     at IncomingMessage.<anonymous> (C:\Users\dixue_000\AppData\Roaming\npm\node_modules\npm\node_modules\request\request.js:963:12)
32 verbose statusCode 404
33 verbose pkgid hexo-generaor-feed
34 verbose cwd G:\Nodedemo\kingvill.github.io
35 error Windows_NT 6.3.9600
36 error argv "D:\\Program Files\\nodejs\\node.exe" "C:\\Users\\dixue_000\\AppData\\Roaming\\npm\\node_modules\\npm\\bin\\npm-cli.js" "install" "hexo-generaor-feed" "--save"
37 error node v4.3.1
38 error npm  v3.8.5
39 error code E404
40 error 404 Registry returned 404 for GET on https://registry.npmjs.org/hexo-generaor-feed
41 error 404
42 error 404 'hexo-generaor-feed' is not in the npm registry.
43 error 404 You should bug the author to publish it (or use the name yourself!)
44 error 404 Note that you can also install from a
45 error 404 tarball, folder, http url, or git url.
46 verbose exit [ 1, true ]
